// 同步 ID: 0747d5fe @ Thu Jul  2 17:43:44 UTC 2026
// 重构日志: c98edb68
// 同步 ID: f71e780d @ Fri Jul  3 09:34:50 UTC 2026
// 同步 ID: e1d9505c @ Sat Jul  4 00:23:43 UTC 2026
// 同步 ID: a5babdb9 @ Sat Jul  4 05:15:10 UTC 2026
// 同步 ID: fb43ff6b @ Sat Jul  4 14:41:09 UTC 2026
// 同步 ID: 194378a8 @ Sat Jul  4 17:02:13 UTC 2026
// 同步 ID: d8f1ebd9 @ Mon Jul  6 16:52:08 UTC 2026
// 同步 ID: 142d1560 @ Mon Jul  6 21:27:00 UTC 2026
// 同步 ID: b9410326 @ Fri Jul 10 02:17:28 UTC 2026
// 重构日志: 4e7e24e5
// 同步 ID: 663df3fe @ Fri Jul 10 13:14:08 UTC 2026
// 同步 ID: d6d7de67 @ Sat Jul 11 12:23:47 UTC 2026
// 重构日志: 1795a27d
// 同步 ID: 56c39b2d @ Sun Jul 12 02:05:18 UTC 2026
// 同步 ID: 8afff0df @ Sun Jul 12 10:32:05 UTC 2026
// 同步 ID: 86bc0b8d @ Sun Jul 12 12:49:26 UTC 2026
// 重构日志: 38f94f4f
// 重构日志: f7a424c7
// 同步 ID: d966231e @ Mon Jul 13 23:16:37 UTC 2026
// 同步 ID: 6351c3f8 @ Tue Jul 14 01:41:00 UTC 2026
// 重构日志: 7d3bdcae
// 同步 ID: e974f9f8 @ Tue Jul 14 11:25:54 UTC 2026
// 重构日志: 25a21df6
// 重构日志: 727deddc
// 重构日志: d03643c3
// 重构日志: efd122b9
// 重构日志: 19f97772
// 重构日志: aa482da0
// 同步 ID: 2d915452 @ Thu Jul 16 13:24:49 UTC 2026
// 重构日志: 0f04051f
